Success (5):
content 29351 _a-0000e9aa-5cc7-8000-9bd9-011c48011c48_494922 "CZS_er_PtlOnePagerDataToXml"
content 29785 f0ebb418-82b0-4cff-bccc-75a123b8d5b2 "CZS_AlteryxServerGet"
content 29796 _a-0000e9aa-5cc7-8000-9bd9-011c48011c48_498619 "CZS_TEXT_GITHUB_SERVICE_CONNECTION_API_KEY"
processModel 3093 0002e9b4-12a6-8000-16b0-7f0000014e7a "CZS Document to Base64 String"
connectedSystem 29784 _a-0000e9aa-5cc7-8000-9bd9-011c48011c48_498492 "CZS  Alteryx Server"

Referenced precedents that were not exported (6):
datatype 7602 {urn:com:appian:types:CZS}CZS_PtlOnePagerDocGen
group 384 83461319-3fca-49b2-9774-af5402a8be49
group 383 caee0430-da9a-4527-b06f-6314ac4310b9
content 27090 b28334b0-3380-4336-a518-c23dbf113968
content 29710 _a-0000e9aa-5cc7-8000-9bd9-011c48011c48_497891
processModelFolder 76 a1e82837-9083-44fb-b38a-1cf8441f88af

Trace:
2023-03-30 15:38:27.923 DEBUG content 29351 _a-0000e9aa-5cc7-8000-9bd9-011c48011c48_494922 Begin transport.
2023-03-30 15:38:27.923 DEBUG content 29351 _a-0000e9aa-5cc7-8000-9bd9-011c48011c48_494922 Retrieving object data.
2023-03-30 15:38:27.937 DEBUG content 29351 _a-0000e9aa-5cc7-8000-9bd9-011c48011c48_494922 Setting uuids of object references.
2023-03-30 15:38:27.937 DEBUG content 29351 _a-0000e9aa-5cc7-8000-9bd9-011c48011c48_494922 Processing reference: [Content:id=29349,versionId=-1,name=CZS_er_PtlOnePagerDataToXml,type=32,subtype=1,uuid=_a-0000e9aa-5cc7-8000-9bd9-011c48011c48_494922,parent=27090]
2023-03-30 15:38:27.94 DEBUG content 29351 _a-0000e9aa-5cc7-8000-9bd9-011c48011c48_494922 Processing reference: FreeformRule.forum
2023-03-30 15:38:27.94 DEBUG content 29351 _a-0000e9aa-5cc7-8000-9bd9-011c48011c48_494922 Processing reference: TypedVariable[name=deal,it=7602,v=<null>]
2023-03-30 15:38:27.94 DEBUG content 29351 _a-0000e9aa-5cc7-8000-9bd9-011c48011c48_494922 Processing reference: FreeformRule.parent
2023-03-30 15:38:27.943 DEBUG content 29351 _a-0000e9aa-5cc7-8000-9bd9-011c48011c48_494922 Processing reference: com.appiancorp.suiteapi.content.ContentRoleMap@738df114[
  ContentRole[name=readers,inherit=true,allowForAll=false]
  ContentRole[name=authors,inherit=true,allowForAll=false]
  ContentRole[name=administrators,inherit=true,allowForAll=false]
  ContentRole[name=denyReaders,inherit=false,allowForAll=false]
  ContentRole[name=denyAuthors,inherit=false,allowForAll=false]
  ContentRole[name=denyAdministrators,inherit=false,allowForAll=false]
  securityVector=15:SEC_PUBLIC=true,SEC_CREATOR_ADMIN=false,SEC_INH_ADMIN=true,SEC_INH_EDITOR=true,SEC_INH_VIEWER=true,SEC_ALL_ADMIN=false,SEC_ALL_EDITOR=false,SEC_ALL_VIEWER=false
]
2023-03-30 15:38:27.943 DEBUG content 29351 _a-0000e9aa-5cc7-8000-9bd9-011c48011c48_494922 Processing reference: ContentRole[name=readers,inherit=true,allowForAll=false]
2023-03-30 15:38:27.943 DEBUG content 29351 _a-0000e9aa-5cc7-8000-9bd9-011c48011c48_494922 Processing reference: ContentRole[name=authors,inherit=true,allowForAll=false]
2023-03-30 15:38:27.943 DEBUG content 29351 _a-0000e9aa-5cc7-8000-9bd9-011c48011c48_494922 Processing reference: ContentRole[name=administrators,inherit=true,allowForAll=false]
2023-03-30 15:38:27.943 DEBUG content 29351 _a-0000e9aa-5cc7-8000-9bd9-011c48011c48_494922 Processing reference: ContentRole[name=denyReaders,inherit=false,allowForAll=false]
2023-03-30 15:38:27.944 DEBUG content 29351 _a-0000e9aa-5cc7-8000-9bd9-011c48011c48_494922 Processing reference: ContentRole[name=denyAuthors,inherit=false,allowForAll=false]
2023-03-30 15:38:27.944 DEBUG content 29351 _a-0000e9aa-5cc7-8000-9bd9-011c48011c48_494922 Processing reference: ContentRole[name=denyAdministrators,inherit=false,allowForAll=false]
2023-03-30 15:38:27.944 DEBUG content 29351 _a-0000e9aa-5cc7-8000-9bd9-011c48011c48_494922 Exporting binary resources.
2023-03-30 15:38:27.944 DEBUG content 29351 _a-0000e9aa-5cc7-8000-9bd9-011c48011c48_494922 Serializing object to XML.
2023-03-30 15:38:27.947 DEBUG content 29351 _a-0000e9aa-5cc7-8000-9bd9-011c48011c48_494922 Object transported.
2023-03-30 15:38:27.947 DEBUG content 29785 f0ebb418-82b0-4cff-bccc-75a123b8d5b2 Begin transport.
2023-03-30 15:38:27.947 DEBUG content 29785 f0ebb418-82b0-4cff-bccc-75a123b8d5b2 Retrieving object data.
2023-03-30 15:38:27.957 DEBUG content 29785 f0ebb418-82b0-4cff-bccc-75a123b8d5b2 Setting uuids of object references.
2023-03-30 15:38:27.957 DEBUG content 29785 f0ebb418-82b0-4cff-bccc-75a123b8d5b2 Processing reference: [Content:id=29785,versionId=-1,name=CZS_AlteryxServerGet,type=32,subtype=5,uuid=f0ebb418-82b0-4cff-bccc-75a123b8d5b2,parent=27090]
2023-03-30 15:38:27.962 DEBUG connectedSystem 29784 _a-0000e9aa-5cc7-8000-9bd9-011c48011c48_498492 Begin transport.
2023-03-30 15:38:27.962 DEBUG connectedSystem 29784 _a-0000e9aa-5cc7-8000-9bd9-011c48011c48_498492 Retrieving object data.
2023-03-30 15:38:27.967 DEBUG connectedSystem 29784 _a-0000e9aa-5cc7-8000-9bd9-011c48011c48_498492 Setting uuids of object references.
2023-03-30 15:38:27.967 DEBUG connectedSystem 29784 _a-0000e9aa-5cc7-8000-9bd9-011c48011c48_498492 Processing reference: ConnectedSystem.forum
2023-03-30 15:38:27.968 DEBUG connectedSystem 29784 _a-0000e9aa-5cc7-8000-9bd9-011c48011c48_498492 Processing reference: ConnectedSystem.integrationType
2023-03-30 15:38:27.968 DEBUG connectedSystem 29784 _a-0000e9aa-5cc7-8000-9bd9-011c48011c48_498492 Processing reference: ConnectedSystem.logoId
2023-03-30 15:38:27.969 DEBUG connectedSystem 29784 _a-0000e9aa-5cc7-8000-9bd9-011c48011c48_498492 Processing reference: ConnectedSystem.sharedConfigParameters
2023-03-30 15:38:27.97 DEBUG connectedSystem 29784 _a-0000e9aa-5cc7-8000-9bd9-011c48011c48_498492 Processing reference: com.appiancorp.suiteapi.content.ContentRoleMap@1e3101b8[
  ContentRole[name=readers,groupIds=[384],inherit=false,allowForAll=false]
  ContentRole[name=authors,inherit=false,allowForAll=false]
  ContentRole[name=administrators,groupIds=[383],inherit=false,allowForAll=false]
  ContentRole[name=denyReaders,inherit=false,allowForAll=false]
  ContentRole[name=denyAuthors,inherit=false,allowForAll=false]
  ContentRole[name=denyAdministrators,inherit=false,allowForAll=false]
  securityVector=1:SEC_PUBLIC=true,SEC_CREATOR_ADMIN=false,SEC_INH_ADMIN=false,SEC_INH_EDITOR=false,SEC_INH_VIEWER=false,SEC_ALL_ADMIN=false,SEC_ALL_EDITOR=false,SEC_ALL_VIEWER=false
]
2023-03-30 15:38:27.97 DEBUG connectedSystem 29784 _a-0000e9aa-5cc7-8000-9bd9-011c48011c48_498492 Processing reference: ContentRole[name=readers,groupIds=[384],inherit=false,allowForAll=false]
2023-03-30 15:38:27.971 DEBUG connectedSystem 29784 _a-0000e9aa-5cc7-8000-9bd9-011c48011c48_498492 Processing reference: ContentRole[name=authors,inherit=false,allowForAll=false]
2023-03-30 15:38:27.971 DEBUG connectedSystem 29784 _a-0000e9aa-5cc7-8000-9bd9-011c48011c48_498492 Processing reference: ContentRole[name=administrators,groupIds=[383],inherit=false,allowForAll=false]
2023-03-30 15:38:27.973 DEBUG connectedSystem 29784 _a-0000e9aa-5cc7-8000-9bd9-011c48011c48_498492 Processing reference: ContentRole[name=denyReaders,inherit=false,allowForAll=false]
2023-03-30 15:38:27.973 DEBUG connectedSystem 29784 _a-0000e9aa-5cc7-8000-9bd9-011c48011c48_498492 Processing reference: ContentRole[name=denyAuthors,inherit=false,allowForAll=false]
2023-03-30 15:38:27.973 DEBUG connectedSystem 29784 _a-0000e9aa-5cc7-8000-9bd9-011c48011c48_498492 Processing reference: ContentRole[name=denyAdministrators,inherit=false,allowForAll=false]
2023-03-30 15:38:27.974 DEBUG connectedSystem 29784 _a-0000e9aa-5cc7-8000-9bd9-011c48011c48_498492 Registering export properties.
2023-03-30 15:38:27.974 DEBUG connectedSystem 29784 _a-0000e9aa-5cc7-8000-9bd9-011c48011c48_498492 Exporting binary resources.
2023-03-30 15:38:27.974 DEBUG connectedSystem 29784 _a-0000e9aa-5cc7-8000-9bd9-011c48011c48_498492 Serializing object to XML.
2023-03-30 15:38:27.978 DEBUG connectedSystem 29784 _a-0000e9aa-5cc7-8000-9bd9-011c48011c48_498492 Object transported.
2023-03-30 15:38:27.978 DEBUG content 29785 f0ebb418-82b0-4cff-bccc-75a123b8d5b2 Processing reference: OutboundIntegration.forum
2023-03-30 15:38:27.978 DEBUG content 29785 f0ebb418-82b0-4cff-bccc-75a123b8d5b2 Processing reference: OutboundIntegration.integrationOutputsAsTypedValue
2023-03-30 15:38:27.978 DEBUG content 29785 f0ebb418-82b0-4cff-bccc-75a123b8d5b2 Processing reference: OutboundIntegration.parent
2023-03-30 15:38:27.981 DEBUG content 29785 f0ebb418-82b0-4cff-bccc-75a123b8d5b2 Processing reference: com.appiancorp.suiteapi.content.ContentRoleMap@3f6a4ab5[
  ContentRole[name=readers,inherit=true,allowForAll=false]
  ContentRole[name=authors,inherit=true,allowForAll=false]
  ContentRole[name=administrators,inherit=true,allowForAll=false]
  ContentRole[name=denyReaders,inherit=false,allowForAll=false]
  ContentRole[name=denyAuthors,inherit=false,allowForAll=false]
  ContentRole[name=denyAdministrators,inherit=false,allowForAll=false]
  securityVector=15:SEC_PUBLIC=true,SEC_CREATOR_ADMIN=false,SEC_INH_ADMIN=true,SEC_INH_EDITOR=true,SEC_INH_VIEWER=true,SEC_ALL_ADMIN=false,SEC_ALL_EDITOR=false,SEC_ALL_VIEWER=false
]
2023-03-30 15:38:27.981 DEBUG content 29785 f0ebb418-82b0-4cff-bccc-75a123b8d5b2 Processing reference: ContentRole[name=readers,inherit=true,allowForAll=false]
2023-03-30 15:38:27.981 DEBUG content 29785 f0ebb418-82b0-4cff-bccc-75a123b8d5b2 Processing reference: ContentRole[name=authors,inherit=true,allowForAll=false]
2023-03-30 15:38:27.981 DEBUG content 29785 f0ebb418-82b0-4cff-bccc-75a123b8d5b2 Processing reference: ContentRole[name=administrators,inherit=true,allowForAll=false]
2023-03-30 15:38:27.981 DEBUG content 29785 f0ebb418-82b0-4cff-bccc-75a123b8d5b2 Processing reference: ContentRole[name=denyReaders,inherit=false,allowForAll=false]
2023-03-30 15:38:27.981 DEBUG content 29785 f0ebb418-82b0-4cff-bccc-75a123b8d5b2 Processing reference: ContentRole[name=denyAuthors,inherit=false,allowForAll=false]
2023-03-30 15:38:27.981 DEBUG content 29785 f0ebb418-82b0-4cff-bccc-75a123b8d5b2 Processing reference: ContentRole[name=denyAdministrators,inherit=false,allowForAll=false]
2023-03-30 15:38:27.982 DEBUG content 29785 f0ebb418-82b0-4cff-bccc-75a123b8d5b2 Exporting binary resources.
2023-03-30 15:38:27.982 DEBUG content 29785 f0ebb418-82b0-4cff-bccc-75a123b8d5b2 Serializing object to XML.
2023-03-30 15:38:27.988 DEBUG content 29785 f0ebb418-82b0-4cff-bccc-75a123b8d5b2 Object transported.
2023-03-30 15:38:27.988 DEBUG content 29796 _a-0000e9aa-5cc7-8000-9bd9-011c48011c48_498619 Begin transport.
2023-03-30 15:38:27.988 DEBUG content 29796 _a-0000e9aa-5cc7-8000-9bd9-011c48011c48_498619 Retrieving object data.
2023-03-30 15:38:27.996 DEBUG content 29796 _a-0000e9aa-5cc7-8000-9bd9-011c48011c48_498619 Setting uuids of object references.
2023-03-30 15:38:27.996 DEBUG content 29796 _a-0000e9aa-5cc7-8000-9bd9-011c48011c48_498619 Processing reference: [Content:id=29796,versionId=-1,name=CZS_TEXT_GITHUB_SERVICE_CONNECTION_API_KEY,type=32,subtype=0,uuid=_a-0000e9aa-5cc7-8000-9bd9-011c48011c48_498619,parent=27090]
2023-03-30 15:38:27.996 DEBUG content 29796 _a-0000e9aa-5cc7-8000-9bd9-011c48011c48_498619 Processing reference: Constant.forum
2023-03-30 15:38:27.996 DEBUG content 29796 _a-0000e9aa-5cc7-8000-9bd9-011c48011c48_498619 Processing reference: Constant.parent
2023-03-30 15:38:27.999 DEBUG content 29796 _a-0000e9aa-5cc7-8000-9bd9-011c48011c48_498619 Processing reference: com.appiancorp.suiteapi.content.ContentRoleMap@32fa89ba[
  ContentRole[name=readers,inherit=true,allowForAll=false]
  ContentRole[name=authors,inherit=true,allowForAll=false]
  ContentRole[name=administrators,inherit=true,allowForAll=false]
  ContentRole[name=denyReaders,inherit=false,allowForAll=false]
  ContentRole[name=denyAuthors,inherit=false,allowForAll=false]
  ContentRole[name=denyAdministrators,inherit=false,allowForAll=false]
  securityVector=15:SEC_PUBLIC=true,SEC_CREATOR_ADMIN=false,SEC_INH_ADMIN=true,SEC_INH_EDITOR=true,SEC_INH_VIEWER=true,SEC_ALL_ADMIN=false,SEC_ALL_EDITOR=false,SEC_ALL_VIEWER=false
]
2023-03-30 15:38:27.999 DEBUG content 29796 _a-0000e9aa-5cc7-8000-9bd9-011c48011c48_498619 Processing reference: ContentRole[name=readers,inherit=true,allowForAll=false]
2023-03-30 15:38:27.999 DEBUG content 29796 _a-0000e9aa-5cc7-8000-9bd9-011c48011c48_498619 Processing reference: ContentRole[name=authors,inherit=true,allowForAll=false]
2023-03-30 15:38:27.999 DEBUG content 29796 _a-0000e9aa-5cc7-8000-9bd9-011c48011c48_498619 Processing reference: ContentRole[name=administrators,inherit=true,allowForAll=false]
2023-03-30 15:38:27.999 DEBUG content 29796 _a-0000e9aa-5cc7-8000-9bd9-011c48011c48_498619 Processing reference: ContentRole[name=denyReaders,inherit=false,allowForAll=false]
2023-03-30 15:38:27.999 DEBUG content 29796 _a-0000e9aa-5cc7-8000-9bd9-011c48011c48_498619 Processing reference: ContentRole[name=denyAuthors,inherit=false,allowForAll=false]
2023-03-30 15:38:27.999 DEBUG content 29796 _a-0000e9aa-5cc7-8000-9bd9-011c48011c48_498619 Processing reference: ContentRole[name=denyAdministrators,inherit=false,allowForAll=false]
2023-03-30 15:38:27.999 DEBUG content 29796 _a-0000e9aa-5cc7-8000-9bd9-011c48011c48_498619 Exporting binary resources.
2023-03-30 15:38:27.999 DEBUG content 29796 _a-0000e9aa-5cc7-8000-9bd9-011c48011c48_498619 Serializing object to XML.
2023-03-30 15:38:28.001 DEBUG content 29796 _a-0000e9aa-5cc7-8000-9bd9-011c48011c48_498619 Object transported.
2023-03-30 15:38:28.002 DEBUG processModel 3093 0002e9b4-12a6-8000-16b0-7f0000014e7a Begin transport.
2023-03-30 15:38:28.002 DEBUG processModel 3093 0002e9b4-12a6-8000-16b0-7f0000014e7a Retrieving object data.
2023-03-30 15:38:28.024 DEBUG processModel 3093 0002e9b4-12a6-8000-16b0-7f0000014e7a Setting uuids of object references.
2023-03-30 15:38:28.024 DEBUG processModel 3093 0002e9b4-12a6-8000-16b0-7f0000014e7a Processing reference: ProcessModelHaul.folderId
2023-03-30 15:38:28.025 DEBUG processModel 3093 0002e9b4-12a6-8000-16b0-7f0000014e7a Processing reference: ProcessModelHaul.modelDashboardPageId
2023-03-30 15:38:28.025 DEBUG processModel 3093 0002e9b4-12a6-8000-16b0-7f0000014e7a Processing reference: ProcessModelHaul.processDashboardPageId
2023-03-30 15:38:28.025 DEBUG processModel 3093 0002e9b4-12a6-8000-16b0-7f0000014e7a Processing reference: ProcessModel.emailAttachmentFolderId
2023-03-30 15:38:28.025 DEBUG processModel 3093 0002e9b4-12a6-8000-16b0-7f0000014e7a Processing reference: InternalForm.docId
2023-03-30 15:38:28.026 DEBUG processModel 3093 0002e9b4-12a6-8000-16b0-7f0000014e7a Processing reference: InternalForm.docId
2023-03-30 15:38:28.026 DEBUG processModel 3093 0002e9b4-12a6-8000-16b0-7f0000014e7a Processing reference: 4096 383
2023-03-30 15:38:28.027 DEBUG processModel 3093 0002e9b4-12a6-8000-16b0-7f0000014e7a Processing reference: ActivityClass.localId
2023-03-30 15:38:28.027 DEBUG processModel 3093 0002e9b4-12a6-8000-16b0-7f0000014e7a Processing reference: ActivityClass.localId
2023-03-30 15:38:28.027 DEBUG processModel 3093 0002e9b4-12a6-8000-16b0-7f0000014e7a Processing reference: ActivityClassParameter[name=pmID,it=23,v=<null>]
2023-03-30 15:38:28.028 DEBUG processModel 3093 0002e9b4-12a6-8000-16b0-7f0000014e7a Processing reference: ActivityClassParameter[name=inMap,it=111,v={}]
2023-03-30 15:38:28.028 DEBUG processModel 3093 0002e9b4-12a6-8000-16b0-7f0000014e7a Processing reference: ActivityClassParameter[name=procInheritsPriority,it=1,v=1]
2023-03-30 15:38:28.028 DEBUG processModel 3093 0002e9b4-12a6-8000-16b0-7f0000014e7a Processing reference: ActivityClassParameter[name=pmUUID,it=3,v=]
2023-03-30 15:38:28.028 DEBUG processModel 3093 0002e9b4-12a6-8000-16b0-7f0000014e7a Processing reference: ActivityClassParameter[name=isAsynchronous,it=26,v=1]
2023-03-30 15:38:28.028 DEBUG processModel 3093 0002e9b4-12a6-8000-16b0-7f0000014e7a Processing reference: ActivityClassParameter[name=isTransparent,it=26,v=1]
2023-03-30 15:38:28.028 DEBUG processModel 3093 0002e9b4-12a6-8000-16b0-7f0000014e7a Processing reference: ActivityClassParameter[name=inheritSecurity,it=26,v=0]
2023-03-30 15:38:28.028 DEBUG processModel 3093 0002e9b4-12a6-8000-16b0-7f0000014e7a Processing reference: ActivityClassParameter[name=documentId,it=1,v=<null>]
2023-03-30 15:38:28.028 DEBUG processModel 3093 0002e9b4-12a6-8000-16b0-7f0000014e7a Processing reference: ActivityClassParameter[name=title,it=3,v=]
2023-03-30 15:38:28.028 DEBUG processModel 3093 0002e9b4-12a6-8000-16b0-7f0000014e7a Processing reference: ActivityClass.localId
2023-03-30 15:38:28.028 DEBUG processModel 3093 0002e9b4-12a6-8000-16b0-7f0000014e7a Processing reference: ActivityClassParameter[name=JndiName,it=3,v=]
2023-03-30 15:38:28.028 DEBUG processModel 3093 0002e9b4-12a6-8000-16b0-7f0000014e7a Processing reference: ActivityClassParameter[name=SqlStatement,it=3,v=]
2023-03-30 15:38:28.028 DEBUG processModel 3093 0002e9b4-12a6-8000-16b0-7f0000014e7a Processing reference: ActivityClassParameter[name=errorMessage,it=3,v=]
2023-03-30 15:38:28.028 DEBUG processModel 3093 0002e9b4-12a6-8000-16b0-7f0000014e7a Processing reference: ActivityClassParameter[name=isError,it=26,v=<null>]
2023-03-30 15:38:28.028 DEBUG processModel 3093 0002e9b4-12a6-8000-16b0-7f0000014e7a Processing reference: ProcessVariable[name=document,it=13,v=<null>]
2023-03-30 15:38:28.028 DEBUG processModel 3093 0002e9b4-12a6-8000-16b0-7f0000014e7a Processing reference: ProcessVariable[name=errorMessage,it=3,v=]
2023-03-30 15:38:28.028 DEBUG processModel 3093 0002e9b4-12a6-8000-16b0-7f0000014e7a Processing reference: ProcessVariable[name=isError,it=26,v=<null>]
2023-03-30 15:38:28.028 DEBUG processModel 3093 0002e9b4-12a6-8000-16b0-7f0000014e7a Processing reference: com.appiancorp.suiteapi.process.ProcessRoleMap@4de49f20[
  Role[name=ADMIN_OWNER,groupIds=[383]]
  Role[name=EDITOR]
  Role[name=EXPLICIT_NONMEMBER]
  Role[name=VIEWER,groupIds=[384]]
  Role[name=MANAGER]
  Role[name=INITIATOR]
]
2023-03-30 15:38:28.028 DEBUG processModel 3093 0002e9b4-12a6-8000-16b0-7f0000014e7a Processing reference: Role[name=ADMIN_OWNER,groupIds=[383]]
2023-03-30 15:38:28.029 DEBUG processModel 3093 0002e9b4-12a6-8000-16b0-7f0000014e7a Processing reference: Role[name=EDITOR]
2023-03-30 15:38:28.029 DEBUG processModel 3093 0002e9b4-12a6-8000-16b0-7f0000014e7a Processing reference: Role[name=EXPLICIT_NONMEMBER]
2023-03-30 15:38:28.029 DEBUG processModel 3093 0002e9b4-12a6-8000-16b0-7f0000014e7a Processing reference: Role[name=VIEWER,groupIds=[384]]
2023-03-30 15:38:28.03 DEBUG processModel 3093 0002e9b4-12a6-8000-16b0-7f0000014e7a Processing reference: Role[name=MANAGER]
2023-03-30 15:38:28.03 DEBUG processModel 3093 0002e9b4-12a6-8000-16b0-7f0000014e7a Processing reference: Role[name=INITIATOR]
2023-03-30 15:38:28.036 DEBUG processModel 3093 0002e9b4-12a6-8000-16b0-7f0000014e7a Exporting binary resources.
2023-03-30 15:38:28.036 DEBUG processModel 3093 0002e9b4-12a6-8000-16b0-7f0000014e7a Serializing object to XML.
2023-03-30 15:38:28.041 DEBUG processModel 3093 0002e9b4-12a6-8000-16b0-7f0000014e7a Object transported.
